<?xml version="1.0" encoding="UTF-8"?>
<coverage generated="1749508032890" clover="3.2.0">
  <project timestamp="1749508032890" name="All files">
    <metrics statements="24" coveredstatements="23" conditionals="12" coveredconditionals="12" methods="16" coveredmethods="16" elements="52" coveredelements="51" complexity="0" loc="24" ncloc="24" packages="1" files="2" classes="2"/>
    <file name="calculadora.ts" path="C:\Users\cg3029174\code\test-jest\src\calculadora.ts">
      <metrics statements="13" coveredstatements="12" conditionals="4" coveredconditionals="4" methods="7" coveredmethods="7"/>
      <line num="1" count="1" type="stmt"/>
      <line num="5" count="1" type="stmt"/>
      <line num="9" count="1" type="stmt"/>
      <line num="13" count="1" type="stmt"/>
      <line num="17" count="1" type="stmt"/>
      <line num="18" count="1" type="stmt"/>
      <line num="20" count="0" type="stmt"/>
      <line num="25" count="1" type="stmt"/>
      <line num="29" count="4" type="cond" truecount="1" falsecount="0"/>
      <line num="30" count="1" type="stmt"/>
      <line num="32" count="3" type="cond" truecount="3" falsecount="0"/>
      <line num="33" count="1" type="stmt"/>
      <line num="35" count="2" type="stmt"/>
    </file>
    <file name="lista_numerica.ts" path="C:\Users\cg3029174\code\test-jest\src\lista_numerica.ts">
      <metrics statements="11" coveredstatements="11" conditionals="8" coveredconditionals="8" methods="9" coveredmethods="9"/>
      <line num="1" count="1" type="stmt"/>
      <line num="5" count="16" type="stmt"/>
      <line num="9" count="1" type="stmt"/>
      <line num="13" count="13" type="stmt"/>
      <line num="17" count="3" type="stmt"/>
      <line num="21" count="6" type="cond" truecount="1" falsecount="0"/>
      <line num="23" count="9" type="cond" truecount="2" falsecount="0"/>
      <line num="27" count="5" type="stmt"/>
      <line num="28" count="5" type="cond" truecount="3" falsecount="0"/>
      <line num="29" count="2" type="stmt"/>
      <line num="32" count="7" type="cond" truecount="2" falsecount="0"/>
    </file>
  </project>
</coverage>
