TN:
SF:src\calculadora.ts
FN:2,(anonymous_0)
FN:4,(anonymous_1)
FN:8,(anonymous_2)
FN:12,(anonymous_3)
FN:16,(anonymous_4)
FN:24,(anonymous_5)
FN:28,(anonymous_6)
FNF:7
FNH:7
FNDA:1,(anonymous_0)
FNDA:1,(anonymous_1)
FNDA:1,(anonymous_2)
FNDA:1,(anonymous_3)
FNDA:1,(anonymous_4)
FNDA:1,(anonymous_5)
FNDA:4,(anonymous_6)
DA:1,1
DA:5,1
DA:9,1
DA:13,1
DA:17,1
DA:18,1
DA:20,0
DA:25,1
DA:29,4
DA:30,1
DA:32,3
DA:33,1
DA:35,2
LF:13
LH:12
BRDA:29,0,0,1
BRDA:32,1,0,1
BRDA:32,2,0,3
BRDA:32,2,1,1
BRF:4
BRH:4
end_of_record
TN:
SF:src\lista_numerica.ts
FN:4,(anonymous_0)
FN:8,(anonymous_1)
FN:12,(anonymous_2)
FN:16,(anonymous_3)
FN:17,(anonymous_4)
FN:20,(anonymous_5)
FN:23,(anonymous_6)
FN:26,(anonymous_7)
FN:32,(anonymous_8)
FNF:9
FNH:9
FNDA:16,(anonymous_0)
FNDA:1,(anonymous_1)
FNDA:13,(anonymous_2)
FNDA:2,(anonymous_3)
FNDA:3,(anonymous_4)
FNDA:6,(anonymous_5)
FNDA:9,(anonymous_6)
FNDA:5,(anonymous_7)
FNDA:7,(anonymous_8)
DA:1,1
DA:5,16
DA:9,1
DA:13,13
DA:17,3
DA:21,6
DA:23,9
DA:27,5
DA:28,5
DA:29,2
DA:32,7
LF:11
LH:11
BRDA:21,0,0,1
BRDA:23,1,0,9
BRDA:23,1,1,7
BRDA:28,2,0,2
BRDA:28,3,0,5
BRDA:28,3,1,5
BRDA:32,4,0,7
BRDA:32,4,1,7
BRF:8
BRH:8
end_of_record
